<?xml version="1.0" encoding="UTF-8"?>
<!-- Generated by org.testng.reporters.JUnitXMLReporter -->
<testsuite ignored="4" hostname="DESKTOP-CDLH9PH" failures="0" tests="2" name="Test" time="0.161" errors="0" timestamp="2023-03-08T07:35:48 IST">
  <testcase classname="TestNG.Group_Testcase" name="TC3" time="0.018"/>
  <testcase classname="TestNG.Group_Testcase" name="TC4" time="0.003"/>
  <testcase classname="TestNG.Group_Testcase" name="TC1" time="0.0">
    <ignored/>
  </testcase> <!-- TC1 -->
  <testcase classname="TestNG.Group_Testcase" name="TC2" time="0.0">
    <ignored/>
  </testcase> <!-- TC2 -->
  <testcase classname="TestNG.Group_Testcase" name="TC5" time="0.0">
    <ignored/>
  </testcase> <!-- TC5 -->
  <testcase classname="TestNG.Group_Testcase" name="TC6" time="0.0">
    <ignored/>
  </testcase> <!-- TC6 -->
</testsuite> <!-- Test -->
