<?xml version="1.0" encoding="UTF-8"?>
<!-- Generated by org.testng.reporters.JUnitXMLReporter -->
<testsuite ignored="0" hostname="DESKTOP-CDLH9PH" failures="2" tests="4" name="Test(failed)" time="0.095" errors="0" timestamp="2023-03-08T08:38:45 IST">
  <testcase classname="TestNG.Failed_TC1" name="TC8" time="0.016">
    <failure type="java.lang.AssertionError" message="null">
      <![CDATA[java.lang.AssertionError: null
at TestNG.Failed_TC1.TC8(Failed_TC1.java:12)
at java.base/java.util.ArrayList.forEach(ArrayList.java:1511)
... Removed 29 stack frames]]>
    </failure>
  </testcase> <!-- TC8 -->
  <testcase classname="TestNG.Failed_TC1" name="TC9" time="0.003"/>
  <testcase classname="TestNG.failed_Tc" name="TC6" time="0.003"/>
  <testcase classname="TestNG.failed_Tc" name="TC7" time="0.002">
    <failure type="java.lang.AssertionError" message="null">
      <![CDATA[java.lang.AssertionError: null
at TestNG.failed_Tc.TC7(failed_Tc.java:17)
at java.base/java.util.ArrayList.forEach(ArrayList.java:1511)
... Removed 29 stack frames]]>
    </failure>
  </testcase> <!-- TC7 -->
</testsuite> <!-- Test(failed) -->
