<?xml version="1.0" encoding="UTF-8"?>
<!-- Generated by org.testng.reporters.JUnitXMLReporter -->
<testsuite ignored="2" hostname="DESKTOP-CDLH9PH" failures="0" tests="2" name="Test(failed)" time="0.082" errors="0" timestamp="2023-03-08T08:44:39 IST">
  <testcase classname="TestNG.Demo3" name="TC5" time="0.013"/>
  <testcase classname="TestNG.Demo2" name="TC4" time="0.002"/>
  <testcase classname="TestNG.Demo2" name="TC3" time="0.0">
    <ignored/>
  </testcase> <!-- TC3 -->
  <testcase classname="TestNG.Demo3" name="TC6" time="0.0">
    <ignored/>
  </testcase> <!-- TC6 -->
</testsuite> <!-- Test(failed) -->
