<?xml version="1.0" encoding="UTF-8"?>
<testng-results ignored="0" total="2" passed="2" failed="0" skipped="0">
  <reporter-output>
    <line>
      <![CDATA[The method TC1 is running]]>
    </line>
    <line>
      <![CDATA[The method is TC2 is running]]>
    </line>
  </reporter-output>
  <suite started-at="2023-03-08T09:05:17 IST" name="Default suite" finished-at="2023-03-08T09:05:17 IST" duration-ms="86">
    <groups>
    </groups>
    <test started-at="2023-03-08T09:05:17 IST" name="Default test" finished-at="2023-03-08T09:05:17 IST" duration-ms="86">
      <class name="TestNG.keyword7">
        <test-method signature="TC1()[pri:0, instance:TestNG.keyword7@6f96c77]" started-at="2023-03-08T09:05:17 IST" name="TC1" finished-at="2023-03-08T09:05:17 IST" duration-ms="19" status="PASS">
          <reporter-output>
            <line>
              <![CDATA[The method TC1 is running]]>
            </line>
          </reporter-output>
        </test-method> <!-- TC1 -->
        <test-method signature="TC2()[pri:0, instance:TestNG.keyword7@6f96c77]" started-at="2023-03-08T09:05:17 IST" name="TC2" finished-at="2023-03-08T09:05:17 IST" duration-ms="2" status="PASS">
          <reporter-output>
            <line>
              <![CDATA[The method is TC2 is running]]>
            </line>
          </reporter-output>
        </test-method> <!-- TC2 -->
      </class> <!-- TestNG.keyword7 -->
    </test> <!-- Default test -->
  </suite> <!-- Default suite -->
</testng-results>
